X: 816 688 601 568 580 559 544 528 531 528
~X: 2609 2595 2608 2608 2588 2608 2588 2615 2603 2612
Y: 2615 2606 2607 2614 2599 2605 2582 2586 2587 2606
~Y: 256 264 255 254 259 240 247 255 243 254

X: 641 655 635 619 624 639 624 624 624 619
~X: 2684 2688 2720 2677 2693 2692 2704 2703 2684 2689
Y: 1441 1411 1424 1414 1412 1423 1424 1420 1423 1408
~Y: 1399 1404 1409 1392 1388 1411 1407 1396 1403 1399

X: 719 736 734 724 722 716 720 717 723 717
~X: 2705 2688 2705 2704 2691 2703 2706 2701 2687 2680
Y: 127 115 131 124 128 131 129 131 119 123
~Y: 2679 2688 2683 2676 2688 2690 2688 2691 2694 2690

X: 1980 1905 1887 1891 1892 1904 1887 1907 1902 1898
~X: 1566 1578 1570 1576 1562 1567 1557 1569 1561 1553
Y: 111 114 112 122 121 113 112 128 123 115
~Y: 2687 2674 2677 2690 2677 2703 2694 2691 2683 2684

X: 2820 2775 2771 2766 2756 2756 2768 2743 2746 2765
~X: 577 586 592 599 591 589 578 593 672 583
Y: 111 101 114 115 117 119 123 112 91 118
~Y: 2688 2691 2701 2696 2686 2672 2698 2703 2696 2704

X: 2707 2702 2673 2670 2671 2683 2681 2682 2672 2663
~X: 566 559 563 566 560 566 566 570 562 559
Y: 1435 1442 1455 1439 1459 1446 1441 1439 1439 1460
~Y: 1380 1380 1380 1396 1381 1380 1383 1402 1398 1402

X: 2794 2651 2640 2625 2631 2640 2655 2642 2625 2623
~X: 432 463 448 455 435 449 439 446 443 511
Y: 2511 2517 2517 2524 2512 2515 2512 2519 2519 2512
~Y: 336 327 329 338 335 336 351 343 336 336

X: 1576 1532 1519 1535 1527 1519 1520 1507 1527 1529
~X: 1639 1635 1636 1628 1631 1647 1621 1647 1632 1631
Y: 2548 2544 2543 2545 2579 2544 2551 2553 2546 2594
~Y: 311 299 295 295 321 310 299 307 306 303

X: 1754 1755 1733 1739 1741 1713 1735 1728 1728 1719
~X: 1584 1573 1595 1582 1581 1584 1587 1589 1591 1584
Y: 1343 1329 1329 1330 1347 1338 1342 1319 1328 1328
~Y: 1500 1499 1501 1483 1505 1487 1495 1488 1509 1502

X: 779 683 616 592 603 576 593 574 579 592
~X: 2595 2592 2583 2583 2594 2586 2581 2587 2589 2576
Y: 2559 2550 2575 2559 2545 2573 2557 2544 2574 2559
~Y: 300 300 295 291 303 288 282 291 304 290

X: 676 640 652 640 638 630 625 624 607 639
~X: 2707 2715 2719 2715 2705 2710 2719 2703 2715 2704
Y: 1376 1389 1375 1387 1392 1383 1391 1391 1371 1386
~Y: 1454 1454 1447 1448 1469 1457 1447 1435 1442 1446

X: 770 722 705 720 703 712 700 708 719 691
~X: 2733 2707 2704 2736 2733 2711 2715 2721 2731 2737
Y: 128 132 148 128 126 136 131 141 125 128
~Y: 2686 2704 2682 2680 2677 2677 2668 2683 2676 2679

X: 1969 1867 1830 1823 1813 1811 1802 1797 1808 1813
~X: 1719 1708 1699 1687 1697 1691 1711 1681 1691 1696
Y: 118 107 96 94 91 103 94 95 111 89
~Y: 2704 2748 2711 2712 2701 2704 2704 2711 2707 2731

X: 2808 2799 2836 3155 3183 3166 3084 2823 2758 2747
~X: 627 666 636 639 634 641 640 624 651 631
Y: 87 104 93 95 95 105 88 94 100 78
~Y: 2704 2701 2705 2727 2718 2719 2711 2719 2719 2720

X: 2770 2740 2736 2722 2720 2705 2704 2725 2721 2731
~X: 560 549 538 552 545 528 531 536 546 548
Y: 1424 1426 1443 1434 1423 1431 1431 1421 1424 1419
~Y: 1399 1360 1407 1390 1408 1407 1398 1405 1408 1389

X: 2736 2746 2661 2653 2626 2639 2638 2643 2628 2644
~X: 499 464 454 464 453 447 460 448 449 447
Y: 2585 2573 2576 2577 2576 2572 2559 2580 2567 2579
~Y: 272 272 278 272 272 265 276 287 272 284

X: 1696 1648 1603 1615 1599 1597 1594 1599 1589 1607
~X: 1594 1588 1555 1567 1584 1566 1584 1586 1557 1555
Y: 2576 2576 2577 2570 2586 2575 2567 2570 2587 2582
~Y: 262 273 272 277 273 273 270 274 276 272

